<?xml version="1.0" encoding="UTF-8"?>
<testsuite name="TestSuite" time="101.314" tests="2" errors="0" skipped="0" failures="0">
  <properties>
    <property name="java.runtime.name" value="Java(TM) SE Runtime Environment"/>
    <property name="java.vm.version" value="17.0.1+12-LTS-39"/>
    <property name="sun.boot.library.path" value="C:\Program Files\Java\jdk-17.0.1\bin"/>
    <property name="maven.multiModuleProjectDirectory" value="C:\Users\USER\Desktop\Volopa\mobile-app-automated-testing"/>
    <property name="java.vm.vendor" value="Oracle Corporation"/>
    <property name="java.vendor.url" value="https://java.oracle.com/"/>
    <property name="guice.disable.misplaced.annotation.check" value="true"/>
    <property name="path.separator" value=";"/>
    <property name="java.vm.name" value="Java HotSpot(TM) 64-Bit Server VM"/>
    <property name="sun.os.patch.level" value=""/>
    <property name="user.script" value=""/>
    <property name="user.country" value="US"/>
    <property name="sun.java.launcher" value="SUN_STANDARD"/>
    <property name="java.vm.specification.name" value="Java Virtual Machine Specification"/>
    <property name="user.dir" value="C:\Users\USER\Desktop\Volopa\mobile-app-automated-testing"/>
    <property name="java.vm.compressedOopsMode" value="Zero based"/>
    <property name="java.runtime.version" value="17.0.1+12-LTS-39"/>
    <property name="os.arch" value="amd64"/>
    <property name="java.io.tmpdir" value="C:\Users\USER\AppData\Local\Temp\"/>
    <property name="line.separator" value="&#10;"/>
    <property name="java.vm.specification.vendor" value="Oracle Corporation"/>
    <property name="user.variant" value=""/>
    <property name="os.name" value="Windows 10"/>
    <property name="classworlds.conf" value="C:\apache-maven-3.8.4\bin\m2.conf"/>
    <property name="sun.jnu.encoding" value="Cp1252"/>
    <property name="java.library.path" value="C:\Program Files\Java\jdk-17.0.1\bin;C:\Windows\Sun\Java\bin;C:\Windows\system32;C:\Windows;C:/Program Files/Java/jdk-17.0.1/bin/server;C:/Program Files/Java/jdk-17.0.1/bin;C:\Program Files\Microsoft\jdk-11.0.16.101-hotspot\bin;C:\Program Files\Common Files\Oracle\Java\javapath;C:\Windows\system32;C:\Windows;C:\Windows\System32\Wbem;C:\Windows\System32\WindowsPowerShell\v1.0\;C:\Windows\System32\OpenSSH\;C:\Users\USER\AppData\Local\Android\Sdk\platform-tools\;C:\Program Files\Git\cmd;C:\Program Files\Git\bin;C:\Users\USER\AppData\Local\Android\Sdk\emulator;C:\apache-maven-3.8.4\bin;C:\Users\USER\Downloads\allure-2.13.6\bin;C:\Program Files\nodejs\;C:\Program Files (x86)\Pulse Secure\VC142.CRT\X64\;C:\Program Files (x86)\Pulse Secure\VC142.CRT\X86\;C:\Program Files (x86)\Common Files\Pulse Secure\TNC Client Plugin\;C:\Program Files\PuTTY\;C:\Program Files\Microsoft SQL Server\150\Tools\Binn\;C:\Program Files\Microsoft SQL Server\Client SDK\ODBC\170\Tools\Binn\;C:\Program Files\dotnet\;C:\Program Files\Docker\Docker\resources\bin;C:\Program Files\Amazon\AWSCLIV2\;C:\Program Files\PowerShell\7\;C:\Users\USER\AppData\Local\Programs\Python\Python39\Scripts\;C:\Users\USER\AppData\Local\Programs\Python\Python39\;C:\Users\USER\AppData\Local\Microsoft\WindowsApps;C:\Users\USER\AppData\Local\Programs\Microsoft VS Code\bin;C:\Users\USER\AppData\Roaming\npm;C:\Program Files\dotnet\sdk\7.0.104;C:\Users\USER\.dotnet\tools;F:\;;C:\Windows\system32;;."/>
    <property name="maven.conf" value="C:\apache-maven-3.8.4/conf"/>
    <property name="jdk.debug" value="release"/>
    <property name="java.class.version" value="61.0"/>
    <property name="java.specification.name" value="Java Platform API Specification"/>
    <property name="sun.management.compiler" value="HotSpot 64-Bit Tiered Compilers"/>
    <property name="os.version" value="10.0"/>
    <property name="library.jansi.path" value="C:\apache-maven-3.8.4\lib\jansi-native"/>
    <property name="user.home" value="C:\Users\USER"/>
    <property name="user.timezone" value="Asia/Karachi"/>
    <property name="file.encoding" value="Cp1252"/>
    <property name="java.specification.version" value="17"/>
    <property name="user.name" value="USER"/>
    <property name="java.class.path" value="C:\apache-maven-3.8.4\boot\plexus-classworlds-2.6.0.jar"/>
    <property name="java.vm.specification.version" value="17"/>
    <property name="sun.arch.data.model" value="64"/>
    <property name="sun.java.command" value="org.codehaus.plexus.classworlds.launcher.Launcher clean install"/>
    <property name="java.home" value="C:\Program Files\Java\jdk-17.0.1"/>
    <property name="user.language" value="en"/>
    <property name="java.specification.vendor" value="Oracle Corporation"/>
    <property name="java.vm.info" value="mixed mode, sharing"/>
    <property name="java.version" value="17.0.1"/>
    <property name="native.encoding" value="Cp1252"/>
    <property name="java.vendor" value="Oracle Corporation"/>
    <property name="sun.stderr.encoding" value="cp437"/>
    <property name="maven.home" value="C:\apache-maven-3.8.4"/>
    <property name="file.separator" value="\"/>
    <property name="java.version.date" value="2021-10-19"/>
    <property name="java.vendor.url.bug" value="https://bugreport.java.com/bugreport/"/>
    <property name="sun.io.unicode.encoding" value="UnicodeLittle"/>
    <property name="sun.cpu.endian" value="little"/>
    <property name="sun.stdout.encoding" value="cp437"/>
    <property name="sun.cpu.isalist" value="amd64"/>
  </properties>
  <testcase name="LoginWithInvalidCredentials" classname="com.volopa.test.Test_Login" time="52.997"/>
  <testcase name="LoginWithValidCredentials" classname="com.volopa.test.Test_Login" time="48.317"/>
</testsuite>