<?xml version="1.0" encoding="UTF-8"?>
<!-- Generated by org.testng.reporters.JUnitReportReporter -->
<testsuite hostname="DESKTOP-QHDOD9N" failures="0" tests="2" name="com.volopa.test.Test_Login" time="95.436" errors="0" timestamp="2023-08-11T19:02:19 PKT" skipped="0">
  <testcase classname="com.volopa.test.Test_Login" name="LoginWithValidCredentials" time="45.385"/>
  <system-out/>
  <testcase classname="com.volopa.test.Test_Login" name="LoginWithInvalidCredentials" time="50.051"/>
  <system-out/>
</testsuite> <!-- com.volopa.test.Test_Login -->
