<?xml version="1.0" encoding="UTF-8"?>
<!-- Generated by org.testng.reporters.JUnitReportReporter -->
<testsuite hostname="DESKTOP-QHDOD9N" failures="0" tests="1" name="com.volopa.test.Wallet_Dashboard" time="64.760" errors="1" timestamp="2023-08-18T18:40:53 PKT" skipped="0">
  <testcase classname="com.volopa.test.Wallet_Dashboard" name="VerifyUserCanConvertCurrencies" time="64.760">
    <error message="An element could not be located on the page using the given search parameters. (WARNING: The server did not provide any stacktrace information)
Command duration or timeout: 0 milliseconds
For documentation on this error, please visit: https://www.seleniumhq.org/exceptions/no_such_element.html
Build info: version: &#039;3.141.59&#039;, revision: &#039;e82be7d358&#039;, time: &#039;2018-11-14T08:17:03&#039;
System info: host: &#039;DESKTOP-QHDOD9N&#039;, ip: &#039;192.168.1.13&#039;, os.name: &#039;Windows 10&#039;, os.arch: &#039;amd64&#039;, os.version: &#039;10.0&#039;, java.version: &#039;17.0.1&#039;
Driver info: io.appium.java_client.android.AndroidDriver
Capabilities {64bit: false, acceptSslCert: false, acceptSslCerts: false, adbExecTimeout: 120000, appActivity: com.volopa.corp.MainActivity, appPackage: com.volopa.corp, automationName: uiautomator2, browserstack.appium_version: 1.17.0, browserstack.is_hub_canary: false, browserstack.minOSVersion: 5.0, buildName: Android Tests Run on null, bundleID: com.volopa.corp, bundleId: com.volopa.corp, capabilities: {64bit: false, acceptSslCert: false, acceptSslCerts: false, adbExecTimeout: 120000, appActivity: com.volopa.corp.MainActivity, appPackage: com.volopa.corp, automationName: uiautomator2, browserstack.appium_version: 1.17.0, browserstack.is_hub_canary: false, browserstack.minOSVersion: 5.0, buildName: Android Tests Run on null, bundleID: com.volopa.corp, bundleId: com.volopa.corp, chromeOptions: {w3c: false}, chromedriverPort: 18080, chromedriverPorts: [[18100, 18110]], databaseEnabled: false, detected_language: selenium/3.141.59 (java win..., device: google pixel 4, deviceApiLevel: 30, deviceManufacturer: Google, deviceModel: Pixel 4, deviceName: 99111FFAZ00F6Q, deviceScreenDensity: 440, deviceScreenSize: 1080x2280, deviceUDID: 99111FFAZ00F6Q, disableSuppressAccessibilityService: true, enablePerformanceLogging: false, interactiveDebugging: true, javascriptEnabled: true, locationContextEnabled: false, mobile: {browser: mobile, version: Google Pixel 4-11.0}, nativeWebScreenshot: true, networkConnectionEnabled: true, newCommandTimeout: 0, new_bucketing: true, orig_os: android, osVersion: 11.0, os_version: 11.0, pixelRatio: 2.75, platform: ANDROID, platformName: Android, platformVersion: 11, projectName: Volopa, realMobile: true, sessionId: febf79584fa332f0a0b38194015..., sessionName: VerifyUserCanConvertCurrencies, skipServerInstallation: true, statBarHeight: 83, systemPort: 8200, takesScreenshot: true, udid: 99111FFAZ00F6Q, uiautomator2ServerLaunchTimeout: 60000, version: , viewportRect: {height: 2153, left: 0, top: 83, width: 1080}, warnings: {}, webStorageEnabled: false}, chromeOptions: {w3c: false}, chromedriverPort: 18080, chromedriverPorts: [[18100, 18110]], databaseEnabled: false, detected_language: selenium/3.141.59 (java win..., device: google pixel 4, deviceApiLevel: 30, deviceManufacturer: Google, deviceModel: Pixel 4, deviceName: 99111FFAZ00F6Q, deviceScreenDensity: 440, deviceScreenSize: 1080x2280, deviceUDID: 99111FFAZ00F6Q, disableSuppressAccessibilityService: true, enablePerformanceLogging: false, interactiveDebugging: true, javascriptEnabled: true, locationContextEnabled: false, mobile: {browser: mobile, version: Google Pixel 4-11.0}, nativeWebScreenshot: true, networkConnectionEnabled: true, newCommandTimeout: 0, new_bucketing: true, orig_os: android, osVersion: 11.0, os_version: 11.0, pixelRatio: 2.75, platform: ANDROID, platformName: Android, platformVersion: 11, projectName: Volopa, realMobile: true, sessionId: febf79584fa332f0a0b38194015..., sessionName: VerifyUserCanConvertCurrencies, skipServerInstallation: true, statBarHeight: 83, systemPort: 8200, takesScreenshot: true, udid: 99111FFAZ00F6Q, uiautomator2ServerLaunchTimeout: 60000, version: , viewportRect: {height: 2153, left: 0, top: 83, width: 1080}, warnings: {}, webStorageEnabled: false}
Session ID: febf79584fa332f0a0b3819401501b93202237db
*** Element info: {Using=xpath, value=//android.widget.TextView[@text=&#039;DKK&#039;]}" type="org.openqa.selenium.NoSuchElementException">
      <![CDATA[org.openqa.selenium.NoSuchElementException: An element could not be located on the page using the given search parameters. (WARNING: The server did not provide any stacktrace information)
Command duration or timeout: 0 milliseconds
For documentation on this error, please visit: https://www.seleniumhq.org/exceptions/no_such_element.html
Build info: version: '3.141.59', revision: 'e82be7d358', time: '2018-11-14T08:17:03'
System info: host: 'DESKTOP-QHDOD9N', ip: '192.168.1.13', os.name: 'Windows 10', os.arch: 'amd64', os.version: '10.0', java.version: '17.0.1'
Driver info: io.appium.java_client.android.AndroidDriver
Capabilities {64bit: false, acceptSslCert: false, acceptSslCerts: false, adbExecTimeout: 120000, appActivity: com.volopa.corp.MainActivity, appPackage: com.volopa.corp, automationName: uiautomator2, browserstack.appium_version: 1.17.0, browserstack.is_hub_canary: false, browserstack.minOSVersion: 5.0, buildName: Android Tests Run on null, bundleID: com.volopa.corp, bundleId: com.volopa.corp, capabilities: {64bit: false, acceptSslCert: false, acceptSslCerts: false, adbExecTimeout: 120000, appActivity: com.volopa.corp.MainActivity, appPackage: com.volopa.corp, automationName: uiautomator2, browserstack.appium_version: 1.17.0, browserstack.is_hub_canary: false, browserstack.minOSVersion: 5.0, buildName: Android Tests Run on null, bundleID: com.volopa.corp, bundleId: com.volopa.corp, chromeOptions: {w3c: false}, chromedriverPort: 18080, chromedriverPorts: [[18100, 18110]], databaseEnabled: false, detected_language: selenium/3.141.59 (java win..., device: google pixel 4, deviceApiLevel: 30, deviceManufacturer: Google, deviceModel: Pixel 4, deviceName: 99111FFAZ00F6Q, deviceScreenDensity: 440, deviceScreenSize: 1080x2280, deviceUDID: 99111FFAZ00F6Q, disableSuppressAccessibilityService: true, enablePerformanceLogging: false, interactiveDebugging: true, javascriptEnabled: true, locationContextEnabled: false, mobile: {browser: mobile, version: Google Pixel 4-11.0}, nativeWebScreenshot: true, networkConnectionEnabled: true, newCommandTimeout: 0, new_bucketing: true, orig_os: android, osVersion: 11.0, os_version: 11.0, pixelRatio: 2.75, platform: ANDROID, platformName: Android, platformVersion: 11, projectName: Volopa, realMobile: true, sessionId: febf79584fa332f0a0b38194015..., sessionName: VerifyUserCanConvertCurrencies, skipServerInstallation: true, statBarHeight: 83, systemPort: 8200, takesScreenshot: true, udid: 99111FFAZ00F6Q, uiautomator2ServerLaunchTimeout: 60000, version: , viewportRect: {height: 2153, left: 0, top: 83, width: 1080}, warnings: {}, webStorageEnabled: false}, chromeOptions: {w3c: false}, chromedriverPort: 18080, chromedriverPorts: [[18100, 18110]], databaseEnabled: false, detected_language: selenium/3.141.59 (java win..., device: google pixel 4, deviceApiLevel: 30, deviceManufacturer: Google, deviceModel: Pixel 4, deviceName: 99111FFAZ00F6Q, deviceScreenDensity: 440, deviceScreenSize: 1080x2280, deviceUDID: 99111FFAZ00F6Q, disableSuppressAccessibilityService: true, enablePerformanceLogging: false, interactiveDebugging: true, javascriptEnabled: true, locationContextEnabled: false, mobile: {browser: mobile, version: Google Pixel 4-11.0}, nativeWebScreenshot: true, networkConnectionEnabled: true, newCommandTimeout: 0, new_bucketing: true, orig_os: android, osVersion: 11.0, os_version: 11.0, pixelRatio: 2.75, platform: ANDROID, platformName: Android, platformVersion: 11, projectName: Volopa, realMobile: true, sessionId: febf79584fa332f0a0b38194015..., sessionName: VerifyUserCanConvertCurrencies, skipServerInstallation: true, statBarHeight: 83, systemPort: 8200, takesScreenshot: true, udid: 99111FFAZ00F6Q, uiautomator2ServerLaunchTimeout: 60000, version: , viewportRect: {height: 2153, left: 0, top: 83, width: 1080}, warnings: {}, webStorageEnabled: false}
Session ID: febf79584fa332f0a0b3819401501b93202237db
*** Element info: {Using=xpath, value=//android.widget.TextView[@text='DKK']}
at java.base/jdk.internal.reflect.NativeConstructorAccessorImpl.newInstance0(Native Method)
at java.base/jdk.internal.reflect.NativeConstructorAccessorImpl.newInstance(NativeConstructorAccessorImpl.java:77)
at java.base/jdk.internal.reflect.DelegatingConstructorAccessorImpl.newInstance(DelegatingConstructorAccessorImpl.java:45)
at java.base/java.lang.reflect.Constructor.newInstanceWithCaller(Constructor.java:499)
at java.base/java.lang.reflect.Constructor.newInstance(Constructor.java:480)
at org.openqa.selenium.remote.ErrorHandler.createThrowable(ErrorHandler.java:214)
at org.openqa.selenium.remote.ErrorHandler.throwIfResponseFailed(ErrorHandler.java:166)
at org.openqa.selenium.remote.http.JsonHttpResponseCodec.reconstructValue(JsonHttpResponseCodec.java:40)
at org.openqa.selenium.remote.http.AbstractHttpResponseCodec.decode(AbstractHttpResponseCodec.java:80)
at org.openqa.selenium.remote.http.AbstractHttpResponseCodec.decode(AbstractHttpResponseCodec.java:44)
at org.openqa.selenium.remote.HttpCommandExecutor.execute(HttpCommandExecutor.java:158)
at io.appium.java_client.remote.AppiumCommandExecutor.execute(AppiumCommandExecutor.java:247)
at org.openqa.selenium.remote.RemoteWebDriver.execute(RemoteWebDriver.java:552)
at io.appium.java_client.DefaultGenericMobileDriver.execute(DefaultGenericMobileDriver.java:41)
at io.appium.java_client.AppiumDriver.execute(AppiumDriver.java:1)
at io.appium.java_client.android.AndroidDriver.execute(AndroidDriver.java:1)
at org.openqa.selenium.remote.RemoteWebDriver.findElement(RemoteWebDriver.java:323)
at io.appium.java_client.DefaultGenericMobileDriver.findElement(DefaultGenericMobileDriver.java:61)
at io.appium.java_client.AppiumDriver.findElement(AppiumDriver.java:1)
at io.appium.java_client.android.AndroidDriver.findElement(AndroidDriver.java:1)
at org.openqa.selenium.remote.RemoteWebDriver.findElementByXPath(RemoteWebDriver.java:428)
at io.appium.java_client.DefaultGenericMobileDriver.findElementByXPath(DefaultGenericMobileDriver.java:151)
at io.appium.java_client.AppiumDriver.findElementByXPath(AppiumDriver.java:1)
at io.appium.java_client.android.AndroidDriver.findElementByXPath(AndroidDriver.java:1)
at org.openqa.selenium.By$ByXPath.findElement(By.java:353)
at org.openqa.selenium.remote.RemoteWebDriver.findElement(RemoteWebDriver.java:315)
at io.appium.java_client.DefaultGenericMobileDriver.findElement(DefaultGenericMobileDriver.java:57)
at io.appium.java_client.AppiumDriver.findElement(AppiumDriver.java:1)
at io.appium.java_client.android.AndroidDriver.findElement(AndroidDriver.java:1)
at com.volopa.pages.WalletDashboardPage.selectConvertOption(WalletDashboardPage.java:81)
at com.volopa.test.Wallet_Dashboard.VerifyUserCanConvertCurrencies(Wallet_Dashboard.java:195)
at java.base/jdk.internal.reflect.NativeMethodAccessorImpl.invoke0(Native Method)
at java.base/jdk.internal.reflect.NativeMethodAccessorImpl.invoke(NativeMethodAccessorImpl.java:77)
at java.base/jdk.internal.reflect.DelegatingMethodAccessorImpl.invoke(DelegatingMethodAccessorImpl.java:43)
at java.base/java.lang.reflect.Method.invoke(Method.java:568)
at org.testng.internal.MethodInvocationHelper.invokeMethod(MethodInvocationHelper.java:134)
at org.testng.internal.TestInvoker.invokeMethod(TestInvoker.java:597)
at org.testng.internal.TestInvoker.invokeTestMethod(TestInvoker.java:173)
at org.testng.internal.MethodRunner.runInSequence(MethodRunner.java:46)
at org.testng.internal.TestInvoker$MethodInvocationAgent.invoke(TestInvoker.java:816)
at org.testng.internal.TestInvoker.invokeTestMethods(TestInvoker.java:146)
at org.testng.internal.TestMethodWorker.invokeTestMethods(TestMethodWorker.java:146)
at org.testng.internal.TestMethodWorker.run(TestMethodWorker.java:128)
at java.base/java.util.ArrayList.forEach(ArrayList.java:1511)
at org.testng.TestRunner.privateRun(TestRunner.java:766)
at org.testng.TestRunner.run(TestRunner.java:587)
at org.testng.SuiteRunner.runTest(SuiteRunner.java:384)
at org.testng.SuiteRunner.runSequentially(SuiteRunner.java:378)
at org.testng.SuiteRunner.privateRun(SuiteRunner.java:337)
at org.testng.SuiteRunner.run(SuiteRunner.java:286)
at org.testng.SuiteRunnerWorker.runSuite(SuiteRunnerWorker.java:53)
at org.testng.SuiteRunnerWorker.run(SuiteRunnerWorker.java:96)
at org.testng.TestNG.runSuitesSequentially(TestNG.java:1187)
at org.testng.TestNG.runSuitesLocally(TestNG.java:1109)
at org.testng.TestNG.runSuites(TestNG.java:1039)
at org.testng.TestNG.run(TestNG.java:1007)
at org.testng.remote.AbstractRemoteTestNG.run(AbstractRemoteTestNG.java:115)
at org.testng.remote.RemoteTestNG.initAndRun(RemoteTestNG.java:251)
at org.testng.remote.RemoteTestNG.main(RemoteTestNG.java:77)
]]>
    </error>
  </testcase> <!-- VerifyUserCanConvertCurrencies -->
  <system-out/>
</testsuite> <!-- com.volopa.test.Wallet_Dashboard -->
