<?xml version="1.0" encoding="UTF-8"?>
<!-- Generated by org.testng.reporters.JUnitReportReporter -->
<testsuite hostname="DESKTOP-QHDOD9N" failures="0" tests="3" name="com.volopa.test.Test_Login" time="72.931" errors="0" timestamp="2023-08-21T05:09:23 PKT" skipped="0">
  <testcase classname="com.volopa.test.Test_Login" name="LoginWithValidCredentials" time="27.644"/>
  <system-out/>
  <testcase classname="com.volopa.test.Test_Login" name="LoginWithInvalidCredentials" time="27.599"/>
  <system-out/>
  <testcase classname="com.volopa.test.Test_Login" name="VerifyErrorMessagesWithEmptyFiels" time="17.688"/>
  <system-out/>
</testsuite> <!-- com.volopa.test.Test_Login -->
